<?xml version="1.0" encoding="UTF-8"?>
<!-- Generated by org.testng.reporters.JUnitXMLReporter -->
<testsuite ignored="2" hostname="DESKTOP-DJ4FDME" failures="0" tests="2" name="Test" time="37.519" errors="0" timestamp="2024-06-06T06:49:15 IST">
  <testcase classname="org.xyz.automation.HandlingKeyboardMouse" name="handleAlerts" time="5.207"/>
  <testcase classname="org.xyz.automation.HandlingKeyboardMouse" name="handleFrames" time="32.226"/>
  <testcase classname="org.xyz.automation.HandlingKeyboardMouse" name="handleMouse" time="0.0">
    <ignored/>
  </testcase> <!-- handleMouse -->
  <testcase classname="org.xyz.automation.HandlingKeyboardMouse" name="handleKeyboard" time="0.0">
    <ignored/>
  </testcase> <!-- handleKeyboard -->
</testsuite> <!-- Test -->
