<?xml version="1.0" encoding="UTF-8"?>
<testng-results ignored="0" total="3" passed="0" failed="3" skipped="0">
  <reporter-output>
  </reporter-output>
  <suite started-at="2024-06-10T21:14:55 EDT" name="Default suite" finished-at="2024-06-10T21:15:14 EDT" duration-ms="18625">
    <groups>
    </groups>
    <test started-at="2024-06-10T21:14:55 EDT" name="Default test" finished-at="2024-06-10T21:15:14 EDT" duration-ms="18625">
      <class name="org.wipro.auto.fb.testcases.SignupScenario_DDF2">
        <test-method is-config="true" signature="launchBrowser()[pri:0, instance:org.wipro.auto.fb.testcases.SignupScenario_DDF2@60bd273d]" started-at="2024-06-10T21:14:56 EDT" name="launchBrowser" finished-at="2024-06-10T21:15:01 EDT" duration-ms="5533" status="PASS">
          <reporter-output>
          </reporter-output>
        </test-method> <!-- launchBrowser -->
        <test-method signature="tc02_validatelSignupvalidation(java.lang.String,java.lang.String)[pri:0, instance:org.wipro.auto.fb.testcases.SignupScenario_DDF2@60bd273d]" started-at="2024-06-10T21:15:01 EDT" name="tc02_validatelSignupvalidation" data-provider="dob" finished-at="2024-06-10T21:15:02 EDT" duration-ms="1406" status="FAIL">
          <params>
            <param index="0">
              <value>
                <![CDATA[18]]>
              </value>
            </param>
            <param index="1">
              <value>
                <![CDATA[Jul]]>
              </value>
            </param>
          </params>
          <exception class="java.lang.NullPointerException">
            <message>
              <![CDATA[Cannot invoke "Object.toString()" because the return value of "java.util.Properties.get(Object)" is null]]>
            </message>
            <full-stacktrace>
              <![CDATA[java.lang.NullPointerException: Cannot invoke "Object.toString()" because the return value of "java.util.Properties.get(Object)" is null
at org.wipro.auto.fb.utilitiespkg.ReadPropFile.readelement(ReadPropFile.java:24)
at org.wipro.auto.fb.pages.SignupPage.enter_mobile_email(SignupPage.java:78)
at org.wipro.auto.fb.testcases.SignupScenario_DDF2.tc02_validatelSignupvalidation(SignupScenario_DDF2.java:26)
at java.base/jdk.internal.reflect.NativeMethodAccessorImpl.invoke0(Native Method)
at java.base/jdk.internal.reflect.NativeMethodAccessorImpl.invoke(NativeMethodAccessorImpl.java:77)
at java.base/jdk.internal.reflect.DelegatingMethodAccessorImpl.invoke(DelegatingMethodAccessorImpl.java:43)
at java.base/java.lang.reflect.Method.invoke(Method.java:568)
at org.testng.internal.invokers.MethodInvocationHelper.invokeMethod(MethodInvocationHelper.java:139)
at org.testng.internal.invokers.TestInvoker.invokeMethod(TestInvoker.java:664)
at org.testng.internal.invokers.TestInvoker.invokeTestMethod(TestInvoker.java:228)
at org.testng.internal.invokers.MethodRunner.runInSequence(MethodRunner.java:63)
at org.testng.internal.invokers.TestInvoker$MethodInvocationAgent.invoke(TestInvoker.java:961)
at org.testng.internal.invokers.TestInvoker.invokeTestMethods(TestInvoker.java:201)
at org.testng.internal.invokers.TestMethodWorker.invokeTestMethods(TestMethodWorker.java:148)
at org.testng.internal.invokers.TestMethodWorker.run(TestMethodWorker.java:128)
at java.base/java.util.ArrayList.forEach(ArrayList.java:1511)
at org.testng.TestRunner.privateRun(TestRunner.java:819)
at org.testng.TestRunner.run(TestRunner.java:619)
at org.testng.SuiteRunner.runTest(SuiteRunner.java:443)
at org.testng.SuiteRunner.runSequentially(SuiteRunner.java:437)
at org.testng.SuiteRunner.privateRun(SuiteRunner.java:397)
at org.testng.SuiteRunner.run(SuiteRunner.java:336)
at org.testng.SuiteRunnerWorker.runSuite(SuiteRunnerWorker.java:52)
at org.testng.SuiteRunnerWorker.run(SuiteRunnerWorker.java:95)
at org.testng.TestNG.runSuitesSequentially(TestNG.java:1301)
at org.testng.TestNG.runSuitesLocally(TestNG.java:1228)
at org.testng.TestNG.runSuites(TestNG.java:1134)
at org.testng.TestNG.run(TestNG.java:1101)
at org.testng.remote.AbstractRemoteTestNG.run(AbstractRemoteTestNG.java:115)
at org.testng.remote.RemoteTestNG.initAndRun(RemoteTestNG.java:251)
at org.testng.remote.RemoteTestNG.main(RemoteTestNG.java:77)
]]>
            </full-stacktrace>
          </exception> <!-- java.lang.NullPointerException -->
          <reporter-output>
          </reporter-output>
        </test-method> <!-- tc02_validatelSignupvalidation -->
        <test-method is-config="true" signature="closeBrowser()[pri:0, instance:org.wipro.auto.fb.testcases.SignupScenario_DDF2@60bd273d]" started-at="2024-06-10T21:15:02 EDT" name="closeBrowser" finished-at="2024-06-10T21:15:02 EDT" duration-ms="0" status="PASS">
          <reporter-output>
          </reporter-output>
        </test-method> <!-- closeBrowser -->
        <test-method is-config="true" signature="launchBrowser()[pri:0, instance:org.wipro.auto.fb.testcases.SignupScenario_DDF2@60bd273d]" started-at="2024-06-10T21:15:02 EDT" name="launchBrowser" finished-at="2024-06-10T21:15:07 EDT" duration-ms="4730" status="PASS">
          <reporter-output>
          </reporter-output>
        </test-method> <!-- launchBrowser -->
        <test-method signature="tc02_validatelSignupvalidation(java.lang.String,java.lang.String)[pri:0, instance:org.wipro.auto.fb.testcases.SignupScenario_DDF2@60bd273d]" started-at="2024-06-10T21:15:07 EDT" name="tc02_validatelSignupvalidation" data-provider="dob" finished-at="2024-06-10T21:15:08 EDT" duration-ms="1028" status="FAIL">
          <params>
            <param index="0">
              <value>
                <![CDATA[8]]>
              </value>
            </param>
            <param index="1">
              <value>
                <![CDATA[Apr]]>
              </value>
            </param>
          </params>
          <exception class="java.lang.NullPointerException">
            <message>
              <![CDATA[Cannot invoke "Object.toString()" because the return value of "java.util.Properties.get(Object)" is null]]>
            </message>
            <full-stacktrace>
              <![CDATA[java.lang.NullPointerException: Cannot invoke "Object.toString()" because the return value of "java.util.Properties.get(Object)" is null
at org.wipro.auto.fb.utilitiespkg.ReadPropFile.readelement(ReadPropFile.java:24)
at org.wipro.auto.fb.pages.SignupPage.enter_mobile_email(SignupPage.java:78)
at org.wipro.auto.fb.testcases.SignupScenario_DDF2.tc02_validatelSignupvalidation(SignupScenario_DDF2.java:26)
at java.base/jdk.internal.reflect.NativeMethodAccessorImpl.invoke0(Native Method)
at java.base/jdk.internal.reflect.NativeMethodAccessorImpl.invoke(NativeMethodAccessorImpl.java:77)
at java.base/jdk.internal.reflect.DelegatingMethodAccessorImpl.invoke(DelegatingMethodAccessorImpl.java:43)
at java.base/java.lang.reflect.Method.invoke(Method.java:568)
at org.testng.internal.invokers.MethodInvocationHelper.invokeMethod(MethodInvocationHelper.java:139)
at org.testng.internal.invokers.TestInvoker.invokeMethod(TestInvoker.java:664)
at org.testng.internal.invokers.TestInvoker.invokeTestMethod(TestInvoker.java:228)
at org.testng.internal.invokers.MethodRunner.runInSequence(MethodRunner.java:63)
at org.testng.internal.invokers.TestInvoker$MethodInvocationAgent.invoke(TestInvoker.java:961)
at org.testng.internal.invokers.TestInvoker.invokeTestMethods(TestInvoker.java:201)
at org.testng.internal.invokers.TestMethodWorker.invokeTestMethods(TestMethodWorker.java:148)
at org.testng.internal.invokers.TestMethodWorker.run(TestMethodWorker.java:128)
at java.base/java.util.ArrayList.forEach(ArrayList.java:1511)
at org.testng.TestRunner.privateRun(TestRunner.java:819)
at org.testng.TestRunner.run(TestRunner.java:619)
at org.testng.SuiteRunner.runTest(SuiteRunner.java:443)
at org.testng.SuiteRunner.runSequentially(SuiteRunner.java:437)
at org.testng.SuiteRunner.privateRun(SuiteRunner.java:397)
at org.testng.SuiteRunner.run(SuiteRunner.java:336)
at org.testng.SuiteRunnerWorker.runSuite(SuiteRunnerWorker.java:52)
at org.testng.SuiteRunnerWorker.run(SuiteRunnerWorker.java:95)
at org.testng.TestNG.runSuitesSequentially(TestNG.java:1301)
at org.testng.TestNG.runSuitesLocally(TestNG.java:1228)
at org.testng.TestNG.runSuites(TestNG.java:1134)
at org.testng.TestNG.run(TestNG.java:1101)
at org.testng.remote.AbstractRemoteTestNG.run(AbstractRemoteTestNG.java:115)
at org.testng.remote.RemoteTestNG.initAndRun(RemoteTestNG.java:251)
at org.testng.remote.RemoteTestNG.main(RemoteTestNG.java:77)
]]>
            </full-stacktrace>
          </exception> <!-- java.lang.NullPointerException -->
          <reporter-output>
          </reporter-output>
        </test-method> <!-- tc02_validatelSignupvalidation -->
        <test-method is-config="true" signature="closeBrowser()[pri:0, instance:org.wipro.auto.fb.testcases.SignupScenario_DDF2@60bd273d]" started-at="2024-06-10T21:15:08 EDT" name="closeBrowser" finished-at="2024-06-10T21:15:08 EDT" duration-ms="1" status="PASS">
          <reporter-output>
          </reporter-output>
        </test-method> <!-- closeBrowser -->
        <test-method is-config="true" signature="launchBrowser()[pri:0, instance:org.wipro.auto.fb.testcases.SignupScenario_DDF2@60bd273d]" started-at="2024-06-10T21:15:08 EDT" name="launchBrowser" finished-at="2024-06-10T21:15:13 EDT" duration-ms="4714" status="PASS">
          <reporter-output>
          </reporter-output>
        </test-method> <!-- launchBrowser -->
        <test-method signature="tc02_validatelSignupvalidation(java.lang.String,java.lang.String)[pri:0, instance:org.wipro.auto.fb.testcases.SignupScenario_DDF2@60bd273d]" started-at="2024-06-10T21:15:13 EDT" name="tc02_validatelSignupvalidation" data-provider="dob" finished-at="2024-06-10T21:15:14 EDT" duration-ms="1115" status="FAIL">
          <params>
            <param index="0">
              <value>
                <![CDATA[17]]>
              </value>
            </param>
            <param index="1">
              <value>
                <![CDATA[May]]>
              </value>
            </param>
          </params>
          <exception class="java.lang.NullPointerException">
            <message>
              <![CDATA[Cannot invoke "Object.toString()" because the return value of "java.util.Properties.get(Object)" is null]]>
            </message>
            <full-stacktrace>
              <![CDATA[java.lang.NullPointerException: Cannot invoke "Object.toString()" because the return value of "java.util.Properties.get(Object)" is null
at org.wipro.auto.fb.utilitiespkg.ReadPropFile.readelement(ReadPropFile.java:24)
at org.wipro.auto.fb.pages.SignupPage.enter_mobile_email(SignupPage.java:78)
at org.wipro.auto.fb.testcases.SignupScenario_DDF2.tc02_validatelSignupvalidation(SignupScenario_DDF2.java:26)
at java.base/jdk.internal.reflect.NativeMethodAccessorImpl.invoke0(Native Method)
at java.base/jdk.internal.reflect.NativeMethodAccessorImpl.invoke(NativeMethodAccessorImpl.java:77)
at java.base/jdk.internal.reflect.DelegatingMethodAccessorImpl.invoke(DelegatingMethodAccessorImpl.java:43)
at java.base/java.lang.reflect.Method.invoke(Method.java:568)
at org.testng.internal.invokers.MethodInvocationHelper.invokeMethod(MethodInvocationHelper.java:139)
at org.testng.internal.invokers.TestInvoker.invokeMethod(TestInvoker.java:664)
at org.testng.internal.invokers.TestInvoker.invokeTestMethod(TestInvoker.java:228)
at org.testng.internal.invokers.MethodRunner.runInSequence(MethodRunner.java:63)
at org.testng.internal.invokers.TestInvoker$MethodInvocationAgent.invoke(TestInvoker.java:961)
at org.testng.internal.invokers.TestInvoker.invokeTestMethods(TestInvoker.java:201)
at org.testng.internal.invokers.TestMethodWorker.invokeTestMethods(TestMethodWorker.java:148)
at org.testng.internal.invokers.TestMethodWorker.run(TestMethodWorker.java:128)
at java.base/java.util.ArrayList.forEach(ArrayList.java:1511)
at org.testng.TestRunner.privateRun(TestRunner.java:819)
at org.testng.TestRunner.run(TestRunner.java:619)
at org.testng.SuiteRunner.runTest(SuiteRunner.java:443)
at org.testng.SuiteRunner.runSequentially(SuiteRunner.java:437)
at org.testng.SuiteRunner.privateRun(SuiteRunner.java:397)
at org.testng.SuiteRunner.run(SuiteRunner.java:336)
at org.testng.SuiteRunnerWorker.runSuite(SuiteRunnerWorker.java:52)
at org.testng.SuiteRunnerWorker.run(SuiteRunnerWorker.java:95)
at org.testng.TestNG.runSuitesSequentially(TestNG.java:1301)
at org.testng.TestNG.runSuitesLocally(TestNG.java:1228)
at org.testng.TestNG.runSuites(TestNG.java:1134)
at org.testng.TestNG.run(TestNG.java:1101)
at org.testng.remote.AbstractRemoteTestNG.run(AbstractRemoteTestNG.java:115)
at org.testng.remote.RemoteTestNG.initAndRun(RemoteTestNG.java:251)
at org.testng.remote.RemoteTestNG.main(RemoteTestNG.java:77)
]]>
            </full-stacktrace>
          </exception> <!-- java.lang.NullPointerException -->
          <reporter-output>
          </reporter-output>
        </test-method> <!-- tc02_validatelSignupvalidation -->
        <test-method is-config="true" signature="closeBrowser()[pri:0, instance:org.wipro.auto.fb.testcases.SignupScenario_DDF2@60bd273d]" started-at="2024-06-10T21:15:14 EDT" name="closeBrowser" finished-at="2024-06-10T21:15:14 EDT" duration-ms="1" status="PASS">
          <reporter-output>
          </reporter-output>
        </test-method> <!-- closeBrowser -->
      </class> <!-- org.wipro.auto.fb.testcases.SignupScenario_DDF2 -->
    </test> <!-- Default test -->
  </suite> <!-- Default suite -->
</testng-results>
